<?xml version="1.0" encoding="UTF-8"?>
<testng-results ignored="0" total="1" passed="1" failed="0" skipped="0">
  <reporter-output>
  </reporter-output>
  <suite started-at="2024-02-21T15:28:11 IST" name="Default suite" finished-at="2024-02-21T15:28:33 IST" duration-ms="22867">
    <groups>
    </groups>
    <test started-at="2024-02-21T15:28:11 IST" name="Default test" finished-at="2024-02-21T15:28:33 IST" duration-ms="22867">
      <class name="test.CreateLoanTestCase">
        <test-method is-config="true" signature="suiteInitializer()[pri:0, instance:test.CreateLoanTestCase@710636b0]" started-at="2024-02-21T15:28:11 IST" name="suiteInitializer" finished-at="2024-02-21T15:28:19 IST" duration-ms="8059" status="PASS">
          <reporter-output>
          </reporter-output>
        </test-method> <!-- suiteInitializer -->
        <test-method signature="TestCase2()[pri:0, instance:test.CreateLoanTestCase@710636b0]" started-at="2024-02-21T15:28:19 IST" name="TestCase2" finished-at="2024-02-21T15:28:33 IST" duration-ms="14771" status="PASS">
          <reporter-output>
          </reporter-output>
        </test-method> <!-- TestCase2 -->
        <test-method is-config="true" signature="BrowserClose()[pri:0, instance:test.CreateLoanTestCase@710636b0]" started-at="2024-02-21T15:28:33 IST" name="BrowserClose" finished-at="2024-02-21T15:28:33 IST" duration-ms="0" status="PASS">
          <reporter-output>
          </reporter-output>
        </test-method> <!-- BrowserClose -->
      </class> <!-- test.CreateLoanTestCase -->
    </test> <!-- Default test -->
  </suite> <!-- Default suite -->
</testng-results>
